<?xml version="1.0" encoding="UTF-8"?>
<!-- Generated by org.testng.reporters.JUnitReportReporter -->
<testsuite hostname="LAPTOP-7D4JOF4H" failures="0" tests="1" name="testcases.Loginpage" time="11.938" errors="0" timestamp="2024-07-06T19:40:18 IST" skipped="0">
  <testcase classname="testcases.Loginpage" name="verifypageTitle" time="11.938"/>
</testsuite> <!-- testcases.Loginpage -->
